0 info it worked if it ends with ok
1 verbose cli [ 'C:\\Program Files\\nodejs\\node.exe',
1 verbose cli   'C:\\Program Files\\nodejs\\node_modules\\npm\\bin\\npm-cli.js',
1 verbose cli   'install',
1 verbose cli   '--save',
1 verbose cli   'faker' ]
2 info using npm@3.10.3
3 info using node@v6.3.1
4 silly loadCurrentTree Starting
5 silly install loadCurrentTree
6 silly install readLocalPackageData
7 silly fetchPackageMetaData faker@v1.6.6
8 silly fetchNamedPackageData faker
9 silly mapToRegistry name faker
10 silly mapToRegistry using default registry
11 silly mapToRegistry registry http://registry.npmjs.org/
12 silly mapToRegistry data Result {
12 silly mapToRegistry   raw: 'faker',
12 silly mapToRegistry   scope: null,
12 silly mapToRegistry   escapedName: 'faker',
12 silly mapToRegistry   name: 'faker',
12 silly mapToRegistry   rawSpec: '',
12 silly mapToRegistry   spec: 'latest',
12 silly mapToRegistry   type: 'tag' }
13 silly mapToRegistry uri http://registry.npmjs.org/faker
14 verbose request uri http://registry.npmjs.org/faker
15 verbose request no auth needed
16 info attempt registry request try #1 at 1:20:18 PM
17 verbose request using bearer token for auth
18 verbose request id fc724c69d9d918fb
19 verbose etag "47VKA5GTBHDFSY9FMBLZYRPZ5"
20 http request GET http://registry.npmjs.org/faker
21 http 304 http://registry.npmjs.org/faker
22 verbose headers { 'cache-control': 'max-age=300',
22 verbose headers   'accept-ranges': 'bytes',
22 verbose headers   date: 'Sat, 24 Sep 2016 07:50:20 GMT',
22 verbose headers   via: '1.1 varnish',
22 verbose headers   connection: 'keep-alive',
22 verbose headers   'x-served-by': 'cache-sin6926-SIN',
22 verbose headers   'x-cache': 'MISS',
22 verbose headers   'x-cache-hits': '0',
22 verbose headers   'x-timer': 'S1474703419.417680,VS0,VE926',
22 verbose headers   vary: 'Accept-Encoding' }
23 silly get cb [ 304,
23 silly get   { 'cache-control': 'max-age=300',
23 silly get     'accept-ranges': 'bytes',
23 silly get     date: 'Sat, 24 Sep 2016 07:50:20 GMT',
23 silly get     via: '1.1 varnish',
23 silly get     connection: 'keep-alive',
23 silly get     'x-served-by': 'cache-sin6926-SIN',
23 silly get     'x-cache': 'MISS',
23 silly get     'x-cache-hits': '0',
23 silly get     'x-timer': 'S1474703419.417680,VS0,VE926',
23 silly get     vary: 'Accept-Encoding' } ]
24 verbose etag http://registry.npmjs.org/faker from cache
25 verbose get saving faker to C:\Users\Administrator\AppData\Roaming\npm-cache\registry.npmjs.org\faker\.cache.json
26 verbose correctMkdir C:\Users\Administrator\AppData\Roaming\npm-cache correctMkdir not in flight; initializing
27 silly fetchNamedPackageData No valid target from cache, forcing network
28 verbose request uri http://registry.npmjs.org/faker
29 verbose request no auth needed
30 info attempt registry request try #1 at 1:20:20 PM
31 verbose request using bearer token for auth
32 http request GET http://registry.npmjs.org/faker
33 http 200 http://registry.npmjs.org/faker
34 verbose headers { server: 'CouchDB/1.5.0 (Erlang OTP/R16B03)',
34 verbose headers   etag: '"47VKA5GTBHDFSY9FMBLZYRPZ5"',
34 verbose headers   'content-type': 'application/json',
34 verbose headers   'content-encoding': 'gzip',
34 verbose headers   'cache-control': 'max-age=300',
34 verbose headers   'transfer-encoding': 'chunked',
34 verbose headers   'accept-ranges': 'bytes',
34 verbose headers   date: 'Sat, 24 Sep 2016 07:50:20 GMT',
34 verbose headers   via: '1.1 varnish',
34 verbose headers   connection: 'keep-alive',
34 verbose headers   'x-served-by': 'cache-sin6926-SIN',
34 verbose headers   'x-cache': 'MISS',
34 verbose headers   'x-cache-hits': '0',
34 verbose headers   'x-timer': 'S1474703420.698738,VS0,VE250',
34 verbose headers   vary: 'Accept-Encoding' }
35 silly get cb [ 200,
35 silly get   { server: 'CouchDB/1.5.0 (Erlang OTP/R16B03)',
35 silly get     etag: '"47VKA5GTBHDFSY9FMBLZYRPZ5"',
35 silly get     'content-type': 'application/json',
35 silly get     'content-encoding': 'gzip',
35 silly get     'cache-control': 'max-age=300',
35 silly get     'transfer-encoding': 'chunked',
35 silly get     'accept-ranges': 'bytes',
35 silly get     date: 'Sat, 24 Sep 2016 07:50:20 GMT',
35 silly get     via: '1.1 varnish',
35 silly get     connection: 'keep-alive',
35 silly get     'x-served-by': 'cache-sin6926-SIN',
35 silly get     'x-cache': 'MISS',
35 silly get     'x-cache-hits': '0',
35 silly get     'x-timer': 'S1474703420.698738,VS0,VE250',
35 silly get     vary: 'Accept-Encoding' } ]
36 verbose get saving faker to C:\Users\Administrator\AppData\Roaming\npm-cache\registry.npmjs.org\faker\.cache.json
37 verbose correctMkdir C:\Users\Administrator\AppData\Roaming\npm-cache correctMkdir not in flight; initializing
38 silly fetchPackageMetaData Error: No compatible version found: faker@v1.6.6
38 silly fetchPackageMetaData Valid install targets:
38 silly fetchPackageMetaData 3.1.0, 3.0.1, 3.0.0, 2.1.5, 2.1.4, 2.1.3, 2.1.2, 2.1.1, 2.1.0, 2.0.3, 2.0.2, 2.0.1, 2.0.0, 1.1.0, 1.0.1, 1.0.0
38 silly fetchPackageMetaData
38 silly fetchPackageMetaData     at pickVersionFromRegistryDocument (C:\Program Files\nodejs\node_modules\npm\lib\fetch-package-metadata.js:170:16)
38 silly fetchPackageMetaData     at C:\Program Files\nodejs\node_modules\npm\node_modules\iferr\index.js:13:50
38 silly fetchPackageMetaData     at C:\Program Files\nodejs\node_modules\npm\lib\utils\pulse-till-done.js:20:8
38 silly fetchPackageMetaData     at saved (C:\Program Files\nodejs\node_modules\npm\lib\cache\caching-client.js:174:7)
38 silly fetchPackageMetaData     at C:\Program Files\nodejs\node_modules\npm\node_modules\graceful-fs\polyfills.js:210:7
38 silly fetchPackageMetaData     at FSReqWrap.oncomplete (fs.js:123:15)
38 silly fetchPackageMetaData  error for faker@v1.6.6 Error: No compatible version found: faker@v1.6.6
38 silly fetchPackageMetaData Valid install targets:
38 silly fetchPackageMetaData 3.1.0, 3.0.1, 3.0.0, 2.1.5, 2.1.4, 2.1.3, 2.1.2, 2.1.1, 2.1.0, 2.0.3, 2.0.2, 2.0.1, 2.0.0, 1.1.0, 1.0.1, 1.0.0
38 silly fetchPackageMetaData
38 silly fetchPackageMetaData     at pickVersionFromRegistryDocument (C:\Program Files\nodejs\node_modules\npm\lib\fetch-package-metadata.js:170:16)
38 silly fetchPackageMetaData     at C:\Program Files\nodejs\node_modules\npm\node_modules\iferr\index.js:13:50
38 silly fetchPackageMetaData     at C:\Program Files\nodejs\node_modules\npm\lib\utils\pulse-till-done.js:20:8
38 silly fetchPackageMetaData     at saved (C:\Program Files\nodejs\node_modules\npm\lib\cache\caching-client.js:174:7)
38 silly fetchPackageMetaData     at C:\Program Files\nodejs\node_modules\npm\node_modules\graceful-fs\polyfills.js:210:7
38 silly fetchPackageMetaData     at FSReqWrap.oncomplete (fs.js:123:15)
39 silly rollbackFailedOptional Starting
40 silly rollbackFailedOptional Finishing
41 silly runTopLevelLifecycles Starting
42 silly runTopLevelLifecycles Finishing
43 silly install printInstalled
44 verbose stack Error: No compatible version found: faker@v1.6.6
44 verbose stack Valid install targets:
44 verbose stack 3.1.0, 3.0.1, 3.0.0, 2.1.5, 2.1.4, 2.1.3, 2.1.2, 2.1.1, 2.1.0, 2.0.3, 2.0.2, 2.0.1, 2.0.0, 1.1.0, 1.0.1, 1.0.0
44 verbose stack
44 verbose stack     at pickVersionFromRegistryDocument (C:\Program Files\nodejs\node_modules\npm\lib\fetch-package-metadata.js:170:16)
44 verbose stack     at C:\Program Files\nodejs\node_modules\npm\node_modules\iferr\index.js:13:50
44 verbose stack     at C:\Program Files\nodejs\node_modules\npm\lib\utils\pulse-till-done.js:20:8
44 verbose stack     at saved (C:\Program Files\nodejs\node_modules\npm\lib\cache\caching-client.js:174:7)
44 verbose stack     at C:\Program Files\nodejs\node_modules\npm\node_modules\graceful-fs\polyfills.js:210:7
44 verbose stack     at FSReqWrap.oncomplete (fs.js:123:15)
45 verbose cwd E:\hackathon\foodcart
46 error Windows_NT 6.1.7601
47 error argv "C:\\Program Files\\nodejs\\node.exe" "C:\\Program Files\\nodejs\\node_modules\\npm\\bin\\npm-cli.js" "install" "--save" "faker"
48 error node v6.3.1
49 error npm  v3.10.3
50 error No compatible version found: faker@v1.6.6
50 error Valid install targets:
50 error 3.1.0, 3.0.1, 3.0.0, 2.1.5, 2.1.4, 2.1.3, 2.1.2, 2.1.1, 2.1.0, 2.0.3, 2.0.2, 2.0.1, 2.0.0, 1.1.0, 1.0.1, 1.0.0
51 error If you need help, you may report this error at:
51 error     <https://github.com/npm/npm/issues>
52 verbose exit [ 1, true ]
